[    0.000000] Initializing cgroup subsys cpuset
[    0.000000] Initializing cgroup subsys cpu
[    0.000000] Initializing cgroup subsys cpuacct
[    0.000000] Linux version 4.4.0-193-generic (buildd@lgw01-amd64-024) (gcc version 5.4.0 20160609 (Ubuntu 5.4.0-6ubuntu1~16.04.12) ) #224-Ubuntu SMP Tue Oct 6 17:15:28 UTC 2020 (Ubuntu 4.4.0-193.224-generic 4.4.236)
[    0.000000] Command line: BOOT_IMAGE=/boot/vmlinuz-4.4.0-193-generic root=LABEL=cloudimg-rootfs ro console=tty1 console=ttyS0
[    0.000000] KERNEL supported cpus:
[    0.000000]   Intel GenuineIntel
[    0.000000]   AMD AuthenticAMD
[    0.000000]   Centaur CentaurHauls
[    0.000000] x86/fpu: xstate_offset[2]:  576, xstate_sizes[2]:  256
[    0.000000] x86/fpu: Supporting XSAVE feature 0x01: 'x87 floating point registers'
[    0.000000] x86/fpu: Supporting XSAVE feature 0x02: 'SSE registers'
[    0.000000] x86/fpu: Supporting XSAVE feature 0x04: 'AVX registers'
[    0.000000] x86/fpu: Enabled xstate features 0x7, context size is 832 bytes, using 'standard' format.
[    0.000000] e820: BIOS-provided physical RAM map:
[    0.000000] BIOS-e820: [mem 0x0000000000000000-0x000000000009fbff] usable
[    0.000000] BIOS-e820: [mem 0x000000000009fc00-0x000000000009ffff] reserved
[    0.000000] BIOS-e820: [mem 0x00000000000f0000-0x00000000000fffff] reserved
[    0.000000] BIOS-e820: [mem 0x0000000000100000-0x000000007ffeffff] usable
[    0.000000] BIOS-e820: [mem 0x000000007fff0000-0x000000007fffffff] ACPI data
[    0.000000] BIOS-e820: [mem 0x00000000fec00000-0x00000000fec00fff] reserved
[    0.000000] BIOS-e820: [mem 0x00000000fee00000-0x00000000fee00fff] reserved
[    0.000000] BIOS-e820: [mem 0x00000000fffc0000-0x00000000ffffffff] reserved
[    0.000000] NX (Execute Disable) protection: active
[    0.000000] SMBIOS 2.5 present.
[    0.000000] Hypervisor detected: KVM
[    0.000000] e820: last_pfn = 0x7fff0 max_arch_pfn = 0x400000000
[    0.000000] MTRR: Disabled
[    0.000000] x86/PAT: MTRRs disabled, skipping PAT initialization too.
[    0.000000] CPU MTRRs all blank - virtualized system.
[    0.000000] x86/PAT: Configuration [0-7]: WB  WT  UC- UC  WB  WT  UC- UC  
[    0.000000] found SMP MP-table at [mem 0x0009fff0-0x0009ffff] mapped at [ffff88000009fff0]
[    0.000000] Scanning 1 areas for low memory corruption
[    0.000000] RAMDISK: [mem 0x362de000-0x37166fff]
[    0.000000] ACPI: Early table checksum verification disabled
[    0.000000] ACPI: RSDP 0x00000000000E0000 000024 (v02 VBOX  )
[    0.000000] ACPI: XSDT 0x000000007FFF0030 00003C (v01 VBOX   VBOXXSDT 00000001 ASL  00000061)
[    0.000000] ACPI: FACP 0x000000007FFF00F0 0000F4 (v04 VBOX   VBOXFACP 00000001 ASL  00000061)
[    0.000000] ACPI: DSDT 0x000000007FFF0470 0021FF (v02 VBOX   VBOXBIOS 00000002 INTL 20180105)
[    0.000000] ACPI: FACS 0x000000007FFF0200 000040
[    0.000000] ACPI: FACS 0x000000007FFF0200 000040
[    0.000000] ACPI: APIC 0x000000007FFF0240 00005C (v02 VBOX   VBOXAPIC 00000001 ASL  00000061)
[    0.000000] ACPI: SSDT 0x000000007FFF02A0 0001CC (v01 VBOX   VBOXCPUT 00000002 INTL 20180105)
[    0.000000] No NUMA configuration found
[    0.000000] Faking a node at [mem 0x0000000000000000-0x000000007ffeffff]
[    0.000000] NODE_DATA(0) allocated [mem 0x7ffeb000-0x7ffeffff]
[    0.000000] kvm-clock: Using msrs 4b564d01 and 4b564d00
[    0.000000] kvm-clock: cpu 0, msr 0:7ffe3001, primary cpu clock
[    0.000000] kvm-clock: using sched offset of 12675485391 cycles
[    0.000000] clocksource: kvm-clock: mask: 0xffffffffffffffff max_cycles: 0x1cd42e4dffb, max_idle_ns: 881590591483 ns
[    0.000000] Zone ranges:
[    0.000000]   DMA      [mem 0x0000000000001000-0x0000000000ffffff]
[    0.000000]   DMA32    [mem 0x0000000001000000-0x000000007ffeffff]
[    0.000000]   Normal   empty
[    0.000000]   Device   empty
[    0.000000] Movable zone start for each node
[    0.000000] Early memory node ranges
[    0.000000]   node   0: [mem 0x0000000000001000-0x000000000009efff]
[    0.000000]   node   0: [mem 0x0000000000100000-0x000000007ffeffff]
[    0.000000] Initmem setup node 0 [mem 0x0000000000001000-0x000000007ffeffff]
[    0.000000] ACPI: PM-Timer IO Port: 0x4008
[    0.000000] IOAPIC[0]: apic_id 2, version 32, address 0xfec00000, GSI 0-23
[    0.000000] ACPI: INT_SRC_OVR (bus 0 bus_irq 0 global_irq 2 dfl dfl)
[    0.000000] ACPI: INT_SRC_OVR (bus 0 bus_irq 9 global_irq 9 low level)
[    0.000000] Using ACPI (MADT) for SMP configuration information
[    0.000000] smpboot: Allowing 2 CPUs, 0 hotplug CPUs
[    0.000000] PM: Registered nosave memory: [mem 0x00000000-0x00000fff]
[    0.000000] PM: Registered nosave memory: [mem 0x0009f000-0x0009ffff]
[    0.000000] PM: Registered nosave memory: [mem 0x000a0000-0x000effff]
[    0.000000] PM: Registered nosave memory: [mem 0x000f0000-0x000fffff]
[    0.000000] e820: [mem 0x80000000-0xfebfffff] available for PCI devices
[    0.000000] Booting paravirtualized kernel on KVM
[    0.000000] clocksource: refined-jiffies: mask: 0xffffffff max_cycles: 0xffffffff, max_idle_ns: 7645519600211568 ns
[    0.000000] setup_percpu: NR_CPUS:512 nr_cpumask_bits:512 nr_cpu_ids:2 nr_node_ids:1
[    0.000000] PERCPU: Embedded 33 pages/cpu @ffff88007fc00000 s95512 r8192 d31464 u1048576
[    0.000000] Built 1 zonelists in Node order, mobility grouping on.  Total pages: 515960
[    0.000000] Policy zone: DMA32
[    0.000000] Kernel command line: BOOT_IMAGE=/boot/vmlinuz-4.4.0-193-generic root=LABEL=cloudimg-rootfs ro console=tty1 console=ttyS0
[    0.000000] PID hash table entries: 4096 (order: 3, 32768 bytes)
[    0.000000] Memory: 2029852K/2096696K available (8640K kernel code, 1337K rwdata, 4040K rodata, 1492K init, 1296K bss, 66844K reserved, 0K cma-reserved)
[    0.000000] SLUB: HWalign=64, Order=0-3, MinObjects=0, CPUs=2, Nodes=1
[    0.000000] Kernel/User page tables isolation: enabled
[    0.000000] Hierarchical RCU implementation.
[    0.000000] 	Build-time adjustment of leaf fanout to 64.
[    0.000000] 	RCU restricting CPUs from NR_CPUS=512 to nr_cpu_ids=2.
[    0.000000] RCU: Adjusting geometry for rcu_fanout_leaf=64, nr_cpu_ids=2
[    0.000000] NR_IRQS:33024 nr_irqs:440 16
[    0.000000] Console: colour VGA+ 80x25
[    0.000000] console [tty1] enabled
[    0.000000] console [ttyS0] enabled
[    0.000000] tsc: Detected 2197.454 MHz processor
[    3.351584] Calibrating delay loop (skipped) preset value.. 4394.90 BogoMIPS (lpj=8789816)
[    3.398033] pid_max: default: 32768 minimum: 301
[    3.421819] ACPI: Core revision 20150930
[    3.444483] ACPI: 2 ACPI AML tables successfully acquired and loaded
[    3.480474] Security Framework initialized
[    3.503398] Yama: becoming mindful.
[    3.524232] AppArmor: AppArmor initialized
[    3.547358] Dentry cache hash table entries: 262144 (order: 9, 2097152 bytes)
[    3.582053] Inode-cache hash table entries: 131072 (order: 8, 1048576 bytes)
[    3.617194] Mount-cache hash table entries: 4096 (order: 3, 32768 bytes)
[    3.647799] Mountpoint-cache hash table entries: 4096 (order: 3, 32768 bytes)
[    3.680723] Initializing cgroup subsys io
[    3.703160] Initializing cgroup subsys memory
[    3.726993] Initializing cgroup subsys devices
[    3.755727] Initializing cgroup subsys freezer
[    3.779895] Initializing cgroup subsys net_cls
[    3.802998] Initializing cgroup subsys perf_event
[    3.826784] Initializing cgroup subsys net_prio
[    3.851760] Initializing cgroup subsys hugetlb
[    3.875052] Initializing cgroup subsys pids
[    3.901116] mce: CPU supports 0 MCE banks
[    3.923628] Last level iTLB entries: 4KB 0, 2MB 0, 4MB 0
[    3.950803] Last level dTLB entries: 4KB 0, 2MB 0, 4MB 0, 1GB 0
[    3.979528] Spectre V1 : Mitigation: usercopy/swapgs barriers and __user pointer sanitization
[    4.022011] Spectre V2 : Mitigation: Full generic retpoline
[    4.048842] Spectre V2 : Spectre v2 / SpectreRSB mitigation: Filling RSB on context switch
[    4.090914] Speculative Store Bypass: Vulnerable
[    4.118571] SRBDS: Unknown: Dependent on hypervisor status
[    4.146736] MDS: Vulnerable: Clear CPU buffers attempted, no microcode
[    4.256814] Freeing SMP alternatives memory: 36K
[    4.443658] ftrace: allocating 32346 entries in 127 pages
[    5.558392] smpboot: APIC(0) Converting physical 0 to logical package 0
[    5.590727] smpboot: Max logical packages: 1
[    5.620270] x2apic enabled
[    5.644298] Switched APIC routing to physical x2apic.
[    5.698975] ..TIMER: vector=0x30 apic1=0 pin1=2 apic2=-1 pin2=-1
[    5.844254] smpboot: CPU0: Intel Core Processor (Skylake, IBRS) (family: 0x6, model: 0x5e, stepping: 0x3)
[    5.901889] Performance Events: unsupported p6 CPU model 94 no PMU driver, software events only.
[    6.114252] KVM setup paravirtual spinlock
[    6.138874] x86: Booting SMP configuration:
[    6.160603] .... node  #0, CPUs:      #1
[    6.187445] kvm-clock: cpu 1, msr 0:7ffe3041, secondary cpu clock
[    6.214120] mce: CPU supports 0 MCE banks
[    6.228620] x86: Booted up 1 node, 2 CPUs
[    6.255060] smpboot: Total of 2 processors activated (8789.81 BogoMIPS)
[    6.291718] devtmpfs: initialized
[    6.312844] evm: security.selinux
[    6.331878] evm: security.SMACK64
[    6.351440] evm: security.SMACK64EXEC
[    6.371544] evm: security.SMACK64TRANSMUTE
[    6.393707] evm: security.SMACK64MMAP
[    6.413836] evm: security.ima
[    6.431575] evm: security.capability
[    6.452251] clocksource: jiffies: mask: 0xffffffff max_cycles: 0xffffffff, max_idle_ns: 7645041785100000 ns
[    6.498984] futex hash table entries: 512 (order: 3, 32768 bytes)
[    6.530387] pinctrl core: initialized pinctrl subsystem
[    6.557060] RTC time: 22:48:49, date: 11/05/20
[    6.580978] NET: Registered protocol family 16
[    6.615852] cpuidle: using governor ladder
[    6.655782] cpuidle: using governor menu
[    6.677325] PCCT header not found.
[    6.696886] ACPI: bus type PCI registered
[    6.720131] acpiphp: ACPI Hot Plug PCI Controller Driver version: 0.5
[    6.751512] PCI: Using configuration type 1 for base access
[    6.802565] ACPI: Added _OSI(Module Device)
[    6.825627] ACPI: Added _OSI(Processor Device)
[    6.848801] ACPI: Added _OSI(3.0 _SCP Extensions)
[    6.872649] ACPI: Added _OSI(Processor Aggregator Device)
[    6.904484] ACPI: Executed 1 blocks of module-level executable AML code
[    6.947810] ACPI: Interpreter enabled
[    6.968475] ACPI: (supports S0 S5)
[    6.988199] ACPI: Using IOAPIC for interrupt routing
[    7.013859] PCI: Using host bridge windows from ACPI; if necessary, use "pci=nocrs" and report a bug
[    7.085472] ACPI: PCI Root Bridge [PCI0] (domain 0000 [bus 00-ff])
[    7.114773] acpi PNP0A03:00: _OSC: OS supports [ASPM ClockPM Segments MSI]
[    7.146069] acpi PNP0A03:00: _OSC: not requesting OS control; OS requires [ExtendedConfig ASPM ClockPM MSI]
[    7.192797] acpi PNP0A03:00: fail to add MMCONFIG information, can't access extended PCI configuration space under this bridge.
[    7.250626] PCI host bridge to bus 0000:00
[    7.272389] pci_bus 0000:00: root bus resource [io  0x0000-0x0cf7 window]
[    7.303534] pci_bus 0000:00: root bus resource [io  0x0d00-0xffff window]
[    7.336811] pci_bus 0000:00: root bus resource [mem 0x000a0000-0x000bffff window]
[    7.376479] pci_bus 0000:00: root bus resource [mem 0x80000000-0xfdffffff window]
[    7.414888] pci_bus 0000:00: root bus resource [bus 00-ff]
[    7.484034] pci 0000:00:01.1: legacy IDE quirk: reg 0x10: [io  0x01f0-0x01f7]
[    7.516337] pci 0000:00:01.1: legacy IDE quirk: reg 0x14: [io  0x03f6]
[    7.546704] pci 0000:00:01.1: legacy IDE quirk: reg 0x18: [io  0x0170-0x0177]
[    7.826906] pci 0000:00:01.1: legacy IDE quirk: reg 0x1c: [io  0x0376]
[    8.136636] pci 0000:00:07.0: quirk: [io  0x4000-0x403f] claimed by PIIX4 ACPI
[    8.177407] pci 0000:00:07.0: quirk: [io  0x4100-0x410f] claimed by PIIX4 SMB
[    8.404938] ACPI: PCI Interrupt Link [LNKA] (IRQs 5 9 10 *11)
[    8.451750] ACPI: PCI Interrupt Link [LNKB] (IRQs 5 9 *10 11)
[    8.497751] ACPI: PCI Interrupt Link [LNKC] (IRQs 5 *9 10 11)
[    8.543176] ACPI: PCI Interrupt Link [LNKD] (IRQs 5 9 10 *11)
[    8.589350] ACPI: Enabled 2 GPEs in block 00 to 07
[    8.629885] vgaarb: setting as boot device: PCI:0000:00:02.0
[    8.657359] vgaarb: device added: PCI:0000:00:02.0,decodes=io+mem,owns=io+mem,locks=none
[    8.698973] vgaarb: loaded
[    8.716246] vgaarb: bridge control possible 0000:00:02.0
[    8.746339] SCSI subsystem initialized
[    8.773154] ACPI: bus type USB registered
[    8.798164] usbcore: registered new interface driver usbfs
[    8.825445] usbcore: registered new interface driver hub
[    8.853064] usbcore: registered new device driver usb
[    8.884902] PCI: Using ACPI for IRQ routing
[    8.918215] NetLabel: Initializing
[    8.941033] NetLabel:  domain hash size = 128
[    8.966501] NetLabel:  protocols = UNLABELED CIPSOv4
[    8.996437] NetLabel:  unlabeled traffic allowed by default
[    9.028285] amd_nb: Cannot enumerate AMD northbridges
[    9.056219] clocksource: Switched to clocksource kvm-clock
[    9.117869] AppArmor: AppArmor Filesystem Enabled
[    9.142168] pnp: PnP ACPI init
[    9.169099] pnp: PnP ACPI: found 3 devices
[    9.204238] clocksource: acpi_pm: mask: 0xffffff max_cycles: 0xffffff, max_idle_ns: 2085701024 ns
[    9.249520] NET: Registered protocol family 2
[    9.275229] TCP established hash table entries: 16384 (order: 5, 131072 bytes)
[    9.314043] TCP bind hash table entries: 16384 (order: 6, 262144 bytes)
[    9.345559] TCP: Hash tables configured (established 16384 bind 16384)
[    9.376816] UDP hash table entries: 1024 (order: 3, 32768 bytes)
[    9.405429] UDP-Lite hash table entries: 1024 (order: 3, 32768 bytes)
[    9.435749] NET: Registered protocol family 1
[    9.459420] pci 0000:00:00.0: Limiting direct PCI/PCI transfers
[    9.488540] pci 0000:00:01.0: Activating ISA DMA hang workarounds
[    9.521114] Unpacking initramfs...
[    9.956316] Freeing initrd memory: 14884K
[    9.978897] clocksource: tsc: mask: 0xffffffffffffffff max_cycles: 0x1faccdc500e, max_idle_ns: 440795287451 ns
[   10.028307] platform rtc_cmos: registered platform RTC device (no PNP device found)
[   10.069484] Scanning for low memory corruption every 60 seconds
[   10.100884] audit: initializing netlink subsys (disabled)
[   10.127747] audit: type=2000 audit(1604616540.139:1): initialized
[   10.158137] Initialise system trusted keyring
[   10.183630] HugeTLB registered 2 MB page size, pre-allocated 0 pages
[   10.216375] zbud: loaded
[   10.235664] VFS: Disk quotas dquot_6.6.0
[   10.256812] VFS: Dquot-cache hash table entries: 512 (order 0, 4096 bytes)
[   10.288131] squashfs: version 4.0 (2009/01/31) Phillip Lougher
[   10.318783] fuse init (API version 7.23)
[   10.341666] Key type big_key registered
[   10.362338] Allocating IMA MOK and blacklist keyrings.
[   10.410331] Key type asymmetric registered
[   10.432890] Asymmetric key parser 'x509' registered
[   10.457846] Block layer SCSI generic (bsg) driver version 0.4 loaded (major 249)
[   10.497079] io scheduler noop registered
[   10.518229] io scheduler deadline registered (default)
[   10.543492] io scheduler cfq registered
[   10.564958] pci_hotplug: PCI Hot Plug PCI Core version: 0.5
[   10.592298] pciehp: PCI Express Hot Plug Controller Driver version: 0.4
[   10.623909] ACPI: AC Adapter [AC] (on-line)
[   10.646260] input: Power Button as /devices/LNXSYSTM:00/LNXPWRBN:00/input/input0
[   10.686649] ACPI: Power Button [PWRF]
[   10.707884] input: Sleep Button as /devices/LNXSYSTM:00/LNXSLPBN:00/input/input1
[   10.746812] ACPI: Sleep Button [SLPF]
[   10.769050] GHES: HEST is not enabled!
[   10.791100] Serial: 8250/16550 driver, 32 ports, IRQ sharing enabled
[   10.899249] 00:02: ttyS0 at I/O 0x3f8 (irq = 4, base_baud = 115200) is a 16550A
[   10.945969] Linux agpgart interface v0.103
[   10.986040] loop: module loaded
[   11.014050] scsi host0: ata_piix
[   11.036042] scsi host1: ata_piix
[   11.055769] ata1: PATA max UDMA/33 cmd 0x1f0 ctl 0x3f6 bmdma 0xd000 irq 14
[   11.087789] ata2: PATA max UDMA/33 cmd 0x170 ctl 0x376 bmdma 0xd008 irq 15
[   11.120867] libphy: Fixed MDIO Bus: probed
[   11.148600] tun: Universal TUN/TAP device driver, 1.6
[   11.176979] tun: (C) 1999-2004 Max Krasnyansky <maxk@qualcomm.com>
[   11.207013] PPP generic driver version 2.4.2
[   11.232804] ehci_hcd: USB 2.0 'Enhanced' Host Controller (EHCI) Driver
[   11.263661] ehci-pci: EHCI PCI platform driver
[   11.287932] ehci-platform: EHCI generic platform driver
[   11.316992] ohci_hcd: USB 1.1 'Open' Host Controller (OHCI) Driver
[   11.348568] ohci-pci: OHCI PCI platform driver
[   11.372813] ohci-platform: OHCI generic platform driver
[   11.399078] uhci_hcd: USB Universal Host Controller Interface driver
[   11.429800] i8042: PNP: PS/2 Controller [PNP0303:PS2K,PNP0f03:PS2M] at 0x60,0x64 irq 1,12
[   11.482664] serio: i8042 KBD port at 0x60,0x64 irq 1
[   11.508069] serio: i8042 AUX port at 0x60,0x64 irq 12
[   11.534456] mousedev: PS/2 mouse device common for all mice
[   11.570452] rtc_cmos rtc_cmos: rtc core: registered rtc_cmos as rtc0
[   11.603227] rtc_cmos rtc_cmos: alarms up to one day, 114 bytes nvram
[   11.633497] i2c /dev entries driver
[   11.653550] input: AT Translated Set 2 keyboard as /devices/platform/i8042/serio0/input/input2
[   11.697333] device-mapper: uevent: version 1.0.3
[   11.721871] device-mapper: ioctl: 4.34.0-ioctl (2015-10-28) initialised: dm-devel@redhat.com
[   11.764961] ledtrig-cpu: registered to indicate activity on CPUs
[   11.799571] NET: Registered protocol family 10
[   11.825688] NET: Registered protocol family 17
[   11.849634] Key type dns_resolver registered
[   11.874284] registered taskstats version 1
[   11.896785] Loading compiled-in X.509 certificates
[   11.922599] Loaded X.509 cert 'Build time autogenerated kernel key: 399ad61e9457a71f6b31060684c17f14836880c9'
[   11.971981] zswap: loaded using pool lzo/zbud
[   12.009020] Key type trusted registered
[   12.048669] Key type encrypted registered
[   12.072348] AppArmor: AppArmor sha1 policy hashing enabled
[   12.100068] ima: No TPM chip found, activating TPM-bypass!
[   12.127246] ima: Allocated hash algorithm: sha1
[   12.152635] evm: HMAC attrs: 0x1
[   12.180687]   Magic number: 12:528:855
[   12.204129] rtc_cmos rtc_cmos: setting system clock to 2020-11-05 22:48:54 UTC (1604616534)
[   12.249631] BIOS EDD facility v0.16 2004-Jun-25, 0 devices found
[   12.279034] EDD information not available.
[   12.314354] Freeing unused kernel memory: 1492K
[   12.338482] Write protecting the kernel read-only data: 14336k
[   12.372906] Freeing unused kernel memory: 1588K
[   12.396947] Freeing unused kernel memory: 56K
Loading, please wait...
starting version 229
[   12.483459] random: systemd-udevd: uninitialized urandom read (16 bytes read, 7 bits of entropy available)
[   12.484899] random: udevadm: uninitialized urandom read (16 bytes read, 7 bits of entropy available)
[   12.484939] random: udevadm: uninitialized urandom read (16 bytes read, 7 bits of entropy available)
[   12.504882] random: udevadm: uninitialized urandom read (16 bytes read, 7 bits of entropy available)
[   12.504946] random: udevadm: uninitialized urandom read (16 bytes read, 7 bits of entropy available)
[   12.505164] random: udevadm: uninitialized urandom read (16 bytes read, 7 bits of entropy available)
[   12.505235] random: udevadm: uninitialized urandom read (16 bytes read, 7 bits of entropy available)
[   12.505311] random: udevadm: uninitialized urandom read (16 bytes read, 7 bits of entropy available)
[   12.505380] random: udevadm: uninitialized urandom read (16 bytes read, 7 bits of entropy available)
[   12.505448] random: udevadm: uninitialized urandom read (16 bytes read, 7 bits of entropy available)
[   13.022105] e1000: Intel(R) PRO/1000 Network Driver - version 7.3.21-k8-NAPI
[   13.056782] e1000: Copyright (c) 1999-2006 Intel Corporation.
[   13.109279] Fusion MPT base driver 3.04.20
[   13.143891] Copyright (c) 1999-2008 LSI Corporation
[   13.259963] AVX2 version of gcm_enc/dec engaged.
[   13.283995] AES CTR mode by8 optimization enabled
[   13.329385] Fusion MPT SPI Host driver 3.04.20
[   13.476017] input: ImExPS/2 Generic Explorer Mouse as /devices/platform/i8042/serio1/input/input4
[   15.152695] e1000 0000:00:03.0 eth0: (PCI:33MHz:32-bit) 02:e9:98:4f:cb:36
[   15.185851] e1000 0000:00:03.0 eth0: Intel(R) PRO/1000 Network Connection
[   15.223890] mptbase: ioc0: Initiating bringup
[   15.327274] ioc0: LSI53C1030 A0: Capabilities={Initiator}
[   15.562028] scsi host2: ioc0: LSI53C1030 A0, FwRev=00000000h, Ports=1, MaxQ=256, IRQ=20
[   15.717264] scsi 2:0:0:0: Direct-Access     VBOX     HARDDISK         1.0  PQ: 0 ANSI: 5
[   15.766529] scsi target2:0:0: Beginning Domain Validation
[   15.805437] scsi target2:0:0: Domain Validation skipping write tests
[   15.834389] scsi target2:0:0: Ending Domain Validation
[   15.865857] scsi target2:0:0: asynchronous
[   15.916567] scsi 2:0:1:0: Direct-Access     VBOX     HARDDISK         1.0  PQ: 0 ANSI: 5
[   15.965017] scsi target2:0:1: Beginning Domain Validation
[   16.018198] scsi target2:0:1: Domain Validation skipping write tests
[   16.050722] scsi target2:0:1: Ending Domain Validation
[   16.079823] scsi target2:0:1: asynchronous
[   16.414681] sd 2:0:0:0: Attached scsi generic sg0 type 0
[   16.416016] sd 2:0:0:0: [sda] 20971520 512-byte logical blocks: (10.7 GB/10.0 GiB)
[   16.466629] sd 2:0:0:0: [sda] Write Protect is off
[   16.492359] sd 2:0:0:0: [sda] Incomplete mode parameter data
[   16.492360] sd 2:0:0:0: [sda] Assuming drive cache: write through
[   16.567356] sd 2:0:1:0: Attached scsi generic sg1 type 0
[   16.573095]  sda: sda1
[   16.611453] sd 2:0:1:0: [sdb] 20480 512-byte logical blocks: (10.5 MB/10.0 MiB)
[   16.660894] sd 2:0:1:0: [sdb] Write Protect is off
[   16.687954] sd 2:0:1:0: [sdb] Incomplete mode parameter data
[   16.716542] sd 2:0:1:0: [sdb] Assuming drive cache: write through
[   16.746564] sd 2:0:0:0: [sda] Attached SCSI disk
[   16.793705] sd 2:0:1:0: [sdb] Attached SCSI disk
[   17.815388] e1000 0000:00:08.0 eth1: (PCI:33MHz:32-bit) 08:00:27:99:a2:c0
[   17.847301] e1000 0000:00:08.0 eth1: Intel(R) PRO/1000 Network Connection
[   17.886890] e1000 0000:00:08.0 enp0s8: renamed from eth1
[   17.930324] e1000 0000:00:03.0 enp0s3: renamed from eth0
Begin: Loading essential drivers ... [   25.767061] md: linear personality registered for level -1
[   25.807590] md: multipath personality registered for level -4
[   25.847551] md: raid0 personality registered for level 0
[   25.903690] md: raid1 personality registered for level 1
[   26.010797] raid6: sse2x1   gen()  7364 MB/s
[   26.100503] raid6: sse2x1   xor()  4877 MB/s
[   26.188514] raid6: sse2x2   gen()  8563 MB/s
[   26.276481] raid6: sse2x2   xor()  5582 MB/s
[   26.364519] raid6: sse2x4   gen() 10116 MB/s
[   26.452456] raid6: sse2x4   xor()  7136 MB/s
[   26.540354] raid6: avx2x1   gen() 13325 MB/s
[   26.628474] raid6: avx2x2   gen() 15524 MB/s
[   26.718762] raid6: avx2x4   gen() 17647 MB/s
[   26.743116] raid6: using algorithm avx2x4 gen() 17647 MB/s
[   26.771321] raid6: using avx2x2 recovery algorithm
[   26.806838] xor: automatically using best checksumming function:
[   26.882573]    avx       : 40379.000 MB/sec
[   26.911153] async_tx: api initialized (async)
[   27.014247] md: raid6 personality registered for level 6
[   27.041640] md: raid5 personality registered for level 5
[   27.067765] md: raid4 personality registered for level 4
[   27.134211] md: raid10 personality registered for level 10
done.
Begin: Running /scripts/init-premount ... done.
Begin: Mounting root file system ... Begin: Running /scripts/local-top ... done.
Begin: Running /scripts/local-premount ... [   27.343377] Btrfs loaded
Scanning for Btrfs filesystems
done.
Warning: fsck not present, so skipping root file system
[   27.549610] EXT4-fs (sda1): mounted filesystem with ordered data mode. Opts: (null)
done.
Begin: Running /scripts/local-bottom ... done.
Begin: Running /scripts/init-bottom ... done.
[   27.957153] systemd[1]: systemd 229 running in system mode. (+PAM +AUDIT +SELINUX +IMA +APPARMOR +SMACK +SYSVINIT +UTMP +LIBCRYPTSETUP +GCRYPT +GNUTLS +ACL +XZ -LZ4 +SECCOMP +BLKID +ELFUTILS +KMOD -IDN)
[   28.049300] systemd[1]: Detected virtualization oracle.
[   28.076749] systemd[1]: Detected architecture x86-64.

Welcome to [1mUbuntu 16.04.7 LTS[0m!

[   28.131314] systemd[1]: Set hostname to <ubuntu>.
[   28.174508] systemd[1]: Initializing machine ID from random generator.
[   28.211042] systemd[1]: Installed transient /etc/machine-id file.
[   28.418795] random: nonblocking pool is initialized
[   28.679408] systemd[1]: Listening on udev Kernel Socket.
[[0;32m  OK  [0m] Listening on udev Kernel Socket.
[   28.738907] systemd[1]: Started Trigger resolvconf update for networkd DNS.
[[0;32m  OK  [0m] Started Trigger resolvconf update for networkd DNS.
[   28.806682] systemd[1]: Listening on Journal Audit Socket.
[[0;32m  OK  [0m] Listening on Journal Audit Socket.
[   28.864218] systemd[1]: Listening on Syslog Socket.
[[0;32m  OK  [0m] Listening on Syslog Socket.
[   28.918071] systemd[1]: Listening on udev Control Socket.
[[0;32m  OK  [0m] Listening on udev Control Socket.
[   28.975036] systemd[1]: Listening on LVM2 metadata daemon socket.
[[0;32m  OK  [0m] Listening on LVM2 metadata daemon socket.
[   29.037112] systemd[1]: Listening on Journal Socket (/dev/log).
[[0;32m  OK  [0m] Listening on Journal Socket (/dev/log).
[   29.097161] systemd[1]: Reached target System Time Synchronized.
[[0;32m  OK  [0m] Reached target System Time Synchronized.
[   29.159100] systemd[1]: Listening on Journal Socket.
[[0;32m  OK  [0m] Listening on Journal Socket.
[   29.213065] systemd[1]: Listening on LVM2 poll daemon socket.
[[0;32m  OK  [0m] Listening on LVM2 poll daemon socket.
[   29.273034] systemd[1]: Started Forward Password Requests to Wall Directory Watch.
[[0;32m  OK  [0m] Started Forward Password Requests to Wall Directory Watch.
[  29.349383] systemd[1]: Set up automount Arbitrary Executable File Formats File System Automount Point.
[[0;32m  OK  [0m] Set up automount Arbitrary Executab...ats File System Automount Point.
[   30.402083] systemd[1]: Created slice User and Session Slice.
[[0;32m  OK  [0m] Created slice User and Session Slice.
[   30.461525] systemd[1]: Created slice System Slice.
[[0;32m  OK  [0m] Created slice System Slice.
[   30.528931] systemd[1]: Starting Set console keymap...
         Starting Set console keymap...
[   30.584378] systemd[1]: Starting Journal Service...
         Starting Journal Service...
[   30.669232] systemd[1]: Starting Load Kernel Modules...
         Starting Load Kernel Modules...
[   30.742630] systemd[1]: Mounting Debug File System...
[   30.776288] Loading iSCSI transport class v2.0-870.
         Mounting Debug File System...
[   30.824896] systemd[1]: Mounting Huge Pages File System...
[   30.856690] iscsi: registered transport (tcp)
         Mounting Huge Pages File System...
[   30.904417] systemd[1]: Reached target Swap.
[[0;32m  OK  [0m] Reached target Swap.
[   30.975128] systemd[1]: Reached target User and Group Name Lookups.
[[0;32m  OK  [0m] Reached target User and Group Name Lookups.
[   31.074188] systemd[1]: Starting Remount Root and Kernel File Systems...
         Starting Remount Root and Kernel File Systems...
[   31.136250] systemd[1]: Reached target Encrypted Volumes.
[   31.137301] EXT4-fs (sda1): re-mounted. Opts: (null)
[[0;32m  OK  [0m] [   31.214550] iscsi: registered transport (iser)
Reached target Encrypted Volumes.
[   31.250549] systemd[1]: Reached target Slices.
[[0;32m  OK  [0m] Reached target Slices.
[   31.316910] systemd[1]: Starting Create list of required static device nodes for the current kernel...
         Starting Create list of required st... nodes for the current kernel...
[   31.398811] systemd[1]: Listening on /dev/initctl Compatibility Named Pipe.
[[0;32m  OK  [0m] Listening on /dev/initctl Compatibility Named Pipe.
[   31.471811] systemd[1]: Mounting POSIX Message Queue File System...
         Mounting POSIX Message Queue File System...
[   31.525280] systemd[1]: Created slice system-serial\x2dgetty.slice.
[[0;32m  OK  [0m] Created slice system-serial\x2dgetty.slice.
[   31.600870] systemd[1]: Starting Uncomplicated firewall...
         Starting Uncomplicated firewall...
[   31.664812] systemd[1]: Starting Nameserver information manager...
         Starting Nameserver information manager...
[   31.722238] systemd[1]: Listening on Device-mapper event daemon FIFOs.
[[0;32m  OK  [0m] Listening on Device-mapper event daemon FIFOs.
[   31.789830] systemd[1]: Starting Monitoring of LVM2 mirrors, snapshots etc. using dmeventd or progress polling...
         Starting Monitoring of LVM2 mirrors... dmeventd or progress polling...
[   31.884708] systemd[1]: Mounted POSIX Message Queue File System.
[[0;32m  OK  [0m] Mounted POSIX Message Queue File System.
[   31.947512] systemd[1]: Mounted Huge Pages File System.
[[0;32m  OK  [0m] Mounted Huge Pages File System.
[   32.004015] systemd[1]: Mounted Debug File System.
[[0;32m  OK  [0m] Mounted Debug File System.
[   32.058035] systemd[1]: Started Journal Service.
[[0;32m  OK  [0m] Started Journal Service.
[[0;32m  OK  [0m] Started Set console keymap.
[[0;32m  OK  [0m] Started Load Kernel Modules.
[[0;32m  OK  [0m] Started Remount Root and Kernel File Systems.
[[0;32m  OK  [0m] Started Create list of required sta...ce nodes for the current kernel.
[[0;32m  OK  [0m] Started Uncomplicated firewall.
[[0;32m  OK  [0m] Started Nameserver information manager.
[[0;32m  OK  [0m] Started LVM2 metadata daemon.
         Starting Create Static Device Nodes in /dev...
         Starting Load/Save Random Seed...
         Starting udev Coldplug all Devices...
         Mounting FUSE Control File System...
         Starting Apply Kernel Variables...
         Starting Flush Journal to Persistent Storage...
[[0;32m  OK  [0m] Mounted FUSE Control File System.
[[0;32m  OK  [0m] Started Create Static Device Nodes in /dev.
[[0;32m  OK  [0m] Started Load/Save Random Seed.
[[0;32m  OK  [0m] Started Apply Kernel Variables.
         Starting udev Kernel Device Manager...
[[0;32m  OK  [0m] Started Flush Journal to Persistent Storage.
[[0;32m  OK  [0m] Started udev Coldplug all Devices.
[[0;32m  OK  [0m] Started Monitoring of LVM2 mirrors,...ng dmeventd or progress polling.
[[0;32m  OK  [0m] Started udev Kernel Device Manager.
[[0;32m  OK  [0m] Started Dispatch Password Requests to Console Directory Watch.
[[0;32m  OK  [0m] Reached target Local File Systems (Pre).
[[0;32m  OK  [0m] Reached target Local File Systems.
         Starting Commit a transient machine-id on disk...
         Starting Set console font and keymap...
         Starting Create Volatile Files and Directories...
         Starting Initial cloud-init job (pre-networking)...
         Starting Tell Plymouth To Write Out Runtime Data...
         Starting LSB: AppArmor initialization...
[[0;32m  OK  [0m] Started Commit a transient machine-id on disk.
[[0;32m  OK  [0m] Started Create Volatile Files and Directories.
[[0;32m  OK  [0m] Started Tell Plymouth To Write Out Runtime Data.
         Starting Update UTMP about System Boot/Shutdown...
[[0;32m  OK  [0m] Started Update UTMP about System Boot/Shutdown.
[   28.798157] [[0;32m  OK  [0mcloud-init] Found device /dev/ttyS0.
[495]: Cloud-init v. 20.3-2-g371b392c-0ubuntu1~16.04.1 running 'init-local' at Thu, 05 Nov 2020 22:49:17 +0000. Up 28.12 seconds.
[[0;32m  OK  [0m] Listening on Load/Save RF Kill Switch Status /dev/rfkill Watch.
[[0;32m  OK  [0m] Started LSB: AppArmor initialization.
[[0;32m  OK  [0m] Started Initial cloud-init job (pre-networking).
[[0;32m  OK  [0m] Reached target Network (Pre).
         Starting Load AppArmor profiles managed internally by snapd...
         Starting Raise network interfaces...
[[0;32m  OK  [0m] Started Load AppArmor profiles managed internally by snapd.
[[0;32m  OK  [0m] Started Set console font and keymap.
[[0;32m  OK  [0m] Created slice system-getty.slice.
[[0;32m  OK  [0m] Started Raise network interfaces.
         Starting Initial cloud-init job (metadata service crawler)...
[[0;32m  OK  [0m] Reached target Network.
[   49.799414] cloud-init[961]: Cloud-init v. 20.3-2-g371b392c-0ubuntu1~16.04.1 running 'init' at Thu, 05 Nov 2020 22:49:37 +0000. Up 48.32 seconds.[[0;32m  OK  [0m] Started Initial cloud-init job (metadata service crawler).
[[0;32m  OK  [0m] Reached target Cloud-config availability.
[[0;32m  OK  [0m] Reached target System Initialization.
         Starting LXD - unix socket.

[   49.913876] cloud-init[961]: ci-info: ++++++++++++++++++++++++++++++++++++++Net device info+++++++++++++++++++++++++++++++++++++++
[   49.962562] cloud-init[961]: ci-info: +--------+-------+----------------------------+---------------+--------+-------------------+
[   50.008274] cloud-init[961]: ci-info: | Device |   Up  |          Address           |      Mask     | Scope  |     Hw-Address    |
[   50.052516] cloud-init[961]: ci-info: +--------+-------+----------------------------+---------------+--------+-------------------+
[[0;32m  OK  [0m] Started Message of the Day.
[[0;32m  OK  [0m] Listening on UUID daemon activation socket.
[[0;32m  OK  [0m] Started Daily Cleanup of Temporary Directories.
[   50.093676] cloud-init[961]: ci-info: | enp0s3 |  True |         10.0.2.15          | 255.255.255.0 | global | 02:e9:98:4f:cb:36 |
[   50.181320] cloud-init[961]: ci-info: | enp0s3 |  True | fe80::e9:98ff:fe4f:cb36/64 |       .       |  link  | 02:e9:98:4f:cb:36 |
[   50.186064] cloud-init[961]: ci-info: | enp0s8 | False |             .              |       .       |   .    | 08:00:27:99:a2:c0 |
[   50.186201] [[0;32m  OK  [0m] Started ACPI Events Check.
cloud-init[[0;32m  OK  [0m] Reached target Paths.
[[961]: ci-info: |   lo   |  True |         127.0.0.1          |   255.0.0.0   |  host  |         .         |
[   50.221345] cloud-init[961]: ci-info: |   lo   |  True |          ::1/128           |       .       |  host  |         .         |
[   50.221431] cloud-init[961]: ci-info: +--------+-------+----------------------------+---------------+--------+-------------------+
[   50.221488] cloud-init[961]: ci-info: +++++++++++++++++++++++++++Route IPv4 info++++++++++++++++++++++++++++
[   50.221552] cloud-init[961]: ci-info: +-------+-------------+----------+---------------+-----------+-------+
[   50.221705] cloud-init[961]: ci-info: | Route | Destination | Gateway  |    Genmask    | Interface | Flags |
[   50.221766] cloud-init[961]: ci-info: +-------+-------------+----------+---------------+-----------+-------+
[   50.221816] cloud-init[961]: ci-info: |   0   |   0.0.0.0   | 10.0.2.2 |    0.0.0.0    |   enp0s3  |   UG  |
[   50.221865] cloud-init[961]: ci-info: |   1   |   10.0.2.0  | 0.0.0.0  | 255.255.255.0 |   enp0s3  |   U   |
[   50.221923] cloud-init[961]: ci-info: +-------+-------------+----------+---------------+-----------+-------+
[   50.222001] cloud-init[961]: ci-info: +++++++++++++++++++Route IPv6 info+++++++++++++++++++
[   50.222074] cloud-init[961]: ci-info: +-------+-------------+---------+-----------+-------+
[   50.222130] cloud-init[961]: ci-info: | Route | Destination | Gateway | Interface | Flags |
[   50.222180] cloud-init[961]: ci-info: +-------+-------------+---------+-----------+-------+
[   50.222246] cloud-init[961]: ci-info: |   0   |  fe80::/64  |    ::   |   enp0s3  |   U   |
[   50.222326] cloud-init[961]: ci-info: |   3   |   ff00::/8  |    ::   |   enp0s3  |   U   |
[   50.222398] cloud-init[961]: ci-info: +-------+-------------+---------+-----------+-------+
[   50.222449] cloud-init[961]: Generating public/private rsa key pair.
[   50.222503] cloud-init[961]: Your identification has been saved in /etc/ssh/ssh_host_rsa_key.
[   50.222553] cloud-init[961]: Your public key has been saved in /etc/ssh/ssh_host_rsa_key.pub.
[   50.222611] cloud-init[961]: The key fingerprint is:
[   50.222661] cloud-init[961]: SHA256:QVMSw8Kw0zx8R8J1cK79RIR1bacWzJNT+IeExnM/X3A root@ubuntu-xenial
[   50.222727] cloud-init[961]: The key's randomart image is:
[   50.222786] cloud-init[961]: +---[RSA 2048]----+
[   50.222836] cloud-init[961]: |    .o oB+=oo*o++|
[   50.222882] cloud-init[961]: |     =o.o* +*.%.E|
[   50.222951] cloud-init[961]: |    o =.o ...+.%.|
[   50.223001] cloud-init[961]: |     . o o o .+.=|
[   50.223048] cloud-init[961]: |        S . ... =|
[   50.223102] cloud-init[961]: |             o  .|
[   50.223155] cloud-init[961]: |              .  |
[   50.223204] cloud-init[961]: |                 |
[   50.223251] cloud-init[961]: |                 |
[   50.223308] cloud-init[961]: +----[SHA256]-----+
[   50.223369] cloud-init[961]: Generating public/private dsa key pair.
[   50.223418] cloud-init[961]: Your identification has been saved in /etc/ssh/ssh_host_dsa_key.
[   50.223467] cloud-init[961]: Your public key has been saved in /etc/ssh/ssh_host_dsa_key.pub.
[   50.223514] cloud-init[961]: The key fingerprint is:
[   50.223560] cloud-init[961]: SHA256:2xtR2tjthYe5EZcsAbijLvOj1Q/Pi53tUdjzRIh/PAA root@ubuntu-xenial
[   50.223608] cloud-init[961]: The key's randomart image is:
[   50.223655] cloud-init[961]: +---[DSA 1024]----+
[   50.223715] cloud-init[961]: |          .E..   |
[   50.223770] cloud-init[961]: |         .  ..o..|
[   50.223816] cloud-init[961]: |          . ooooo|
[   50.223871] cloud-init[961]: |         o * o=O |
[   50.223978] cloud-init[961]: |        S = o.B=*|
[   50.224035] cloud-init[961]: |       ..o . ..B+|
[   50.224082] cloud-init[961]: |      ...oo  .o .|
[   50.224129] cloud-init[961]: |     o.o  Boo .  |[0;32m  OK  [0m] Listening on D-Bus System Message Bus Socket.
         
[   51.064090] cloud-initStarting Socket activation for snappy daemon.
[[0;32m  OK  [0m] Started Daily apt download activities.
[[0;32m  OK  [0m] Started Daily apt upgrade and clean activities.
[[0;32m  OK  [0m] Reached target Timers.
[[0;32m  OK  [0m] Listening on ACPID Listen Socket.
[[0;32m  OK  [0m] Reached target Network is Online.
[961]: |     .=....Boo   |
         Starting iSCSI initiator daemon (iscsid)...
[   51.207244] cloud-init[961]: +----[SHA256]-----+
[[0;32m  OK  [0m] Listening on LXD - unix socket.
[   51.257629] cloud-init[961]: Generating public/private ecdsa key pair.
[   51.286788] cloud-init[961]: Your identification has been saved in /etc/ssh/ssh_host_ecdsa_key.
[   51.286855] cloud-init[961]: Your public key has been saved in /etc/ssh/ssh_host_ecdsa_key.pub.
[   51.286908] cloud-init[961]: The key fingerprint is:
[   51.286959] cloud-init[961]: SHA256:PMSJX0hhLQEpN4Qk2w60YviRTvAWRvDNP9sQyeKtAOU root@ubuntu-xenial
[   51.287006] cloud-init[961]: The key's randomart image is:
[[0;32m  OK  [0m] Listening on Socket activation for snappy daemon.
[   51.287078] cloud-init[[0;32m  OK  [0m] Reached target Sockets.
[[0;32m  OK  [0m] Reached target Basic System.
[961]: +---[ECDSA 256]---+
[   51.475276] [[0;32m  OK  [0m] Started FUSE filesystem for LXC.
cloud-init[961]: |ooB..ooo=+       |
[[0;32m  OK  [0m] Started Regular background program processing daemon.
         [   51.510849] Starting Accounts Service...
         Starting LSB: MD monitoring daemon...
         Starting LXD - container startup/shutdown...
         Starting /etc/rc.local Compatibility...
cloud-init[[0;32m  OK  [0m] Started D-Bus System Message Bus.
[961]: |.O Xo.+*.o.      |
[   51.619427] cloud-init[961]: |+.E =o=.=..      |
[   51.647656] cloud-init[961]: |.B = + = .       |
[   51.671105] cloud-init[961]: |  + o = S        |
[   51.691892] cloud-init[961]: |   . . = .       |
         Starting Virtualbox guest utils...
[[0;32m  OK  [0m] Started Deferred execution scheduler.
         Starting System Logging Service...
         Starting Login Service...
[[0;32m  OK  [0m] Started ACPI event daemon.
[   51.735603] cloud-init[961]: |    . . .        |
         Starting Pollinate to seed the pseudo random number generator...
[   51.791306] cloud-init[961]: |                 |
[   51.901804]          Starting Snap Daemon...
         Starting LSB: Record successful boot for GRUB...
[[0;32m  OK  [0m] Started System Logging Service.
[[0;32m  OK  [0m] Started iSCSI initiator daemon (iscsid).
cloud-init[[0;32m  OK  [0m] Started /etc/rc.local Compatibility.
[961]: |                 |
[[0;32m  OK  [0m] Started Login Service.
[[0;32m  OK  [0m] [   52.030266] cloud-init[961]: +----[SHA256]-----+
[   52.114634] cloud-init[961]: Generating public/private ed25519 key pair.
[   52.114717] cloud-init[961]: Your identification has been saved in /etc/ssh/ssh_host_ed25519_key.
[   52.114773] cloud-init[961]: Your public key has been saved in /etc/ssh/ssh_host_ed25519_key.pub.
[   52.130897] cloud-init[961]: The key fingerprint is:
[   52.131896] cloud-init[961]: SHA256:o7O+wqrWKA8ST0J5bjvQ4A8cERnKpByy6Us8JY/WklE root@ubuntu-xenial
[   52.147751] cloud-init[961]: The key's randomart image is:
[   52.167566] cloud-init[961]: +--[ED25519 256]--+
[   52.183481] Started LSB: MD monitoring daemon.
[[0;32m  OK  [0m] Started LXD - container startup/shutdown.
[[0;32m  OK  [0m] Started LSB: Record successful boot for GRUB.
cloud-init[961]: |.*+E             |
[[0;32m  OK  [0m] Started Unattended Upgrades Shutdown.
[   52.369690] cloud-init[961]: |B+=              |
         Starting Authenticate and Authorize Users to Run Privileged Tasks...
[   52.427618]          Starting Login to default iSCSI targets...
[[0;32m  OK  [0mcloud-init] [961]: |=X o             |Started Virtualbox guest utils.

[[0;32m  OK  [0m] Started Authenticate and Authorize Users to Run Privileged Tasks.
[   52.563444] cloud-init[961]: |* #              |
[[0;32m  OK  [0m] Started Accounts Service.
[   52.626740] cloud-init[961]: |o#.*    S        |
[[   52.699463] cloud-init[961]: |o=O .  . .       |
[   52.714116] cloud-init[961]: |o.+=  o          |
[   52.724157] cloud-init[961]: |o+ .+  o         |
[0;32m  OK  [0m] Started Login to default iSCSI targets.
[[0;32m  OK  [0m] Reached target Remote File Systems (Pre).
[   52.736962] cloud-init[961]: |+oo. o+.         |
[   52.819377] cloud-init[961]: +----[SHA256]-----+
[[0;32m  OK  [0m] Reached target Remote File Systems.
         Starting LSB: Set the CPU Frequency Scaling governor to "ondemand"...
         Starting LSB: daemon to balance interrupts for SMP systems...
         Starting Permit User Sessions...
         Starting LSB: automatic crash report generation...
[[0;32m  OK  [0m] Started Pollinate to seed the pseudo random number generator.
[[0;32m  OK  [0m] Started Permit User Sessions.
         Starting Terminate Plymouth Boot Screen...
         Starting Hold until boot process finishes up...
         Starting OpenBSD Secure Shell server...
[[0;32m  OK  [0m] Started LSB: Set the CPU Frequency Scaling governor to "ondemand".
[[0;32m  OK  [0m] Started LSB: daemon to balance interrupts for SMP systems.
[[0;32m  OK  [0m] Started Terminate Plymouth Boot Screen.
[[0;32m  OK  [0m] Started Hold until boot process finishes up.
[[0;32m  OK  [0m] Started Snap Daemon.
[[0;32m  OK  [0m] Started OpenBSD Secure Shell server.
         Starting Wait until snapd is fully seeded...
         Starting Set console scheme...
[[0;32m  OK  [0m] Started Getty on tty1.
[[0;32m  OK  [0m] Started Serial Getty on ttyS0.
[[0;32m  OK  [0m] Reached target Login Prompts.
[[0;32m  OK  [0m] Started Set console scheme.
[[0;32m  OK  [0m] Started Wait until snapd is fully seeded.
         Starting Apply the settings specified in cloud-config...
[[0;32m  OK  [0m] Started LSB: automatic crash report generation.
[[0;32m  OK  [0m] Reached target Multi-User System.
[[0;32m  OK  [0m] Reached target Graphical Interface.
         Starting Update UTMP about System Runlevel Changes...
[[0;32m  OK  [0m] Started Update UTMP about System Runlevel Changes.
[[0;32m  OK  [0m] Created slice User Slice of vagrant.
         Starting User Manager for UID 1000...
[[0;32m  OK  [0m] Started Session 1 of user vagrant.
[[0;32m  OK  [0m] Started User Manager for UID 1000.
[   54.771479] cloud-init[1320]: Generating locales (this might take a while)...
[   56.518629] cloud-init[1320]:   en_US.UTF-8... done
[   56.564622] cloud-init[1320]: Generation complete.
[   57.156243] cloud-init[1320]: Cloud-init v. 20.3-2-g371b392c-0ubuntu1~16.04.1 running 'modules:config' at Thu, 05 Nov 2020 22:49:43 +0000. Up 54.47 seconds.
[[0;32m  OK  [0m] Started Apply the settings specified in cloud-config.
         Starting Execute cloud user/final scripts...
ci-info: no authorized SSH keys fingerprints found for user ubuntu.
<14>Nov  5 22:49:46 ec2: 
<14>Nov  5 22:49:46 ec2: #############################################################
<14>Nov  5 22:49:46 ec2: -----BEGIN SSH HOST KEY FINGERPRINTS-----
<14>Nov  5 22:49:46 ec2: 1024 SHA256:2xtR2tjthYe5EZcsAbijLvOj1Q/Pi53tUdjzRIh/PAA root@ubuntu-xenial (DSA)
<14>Nov  5 22:49:46 ec2: 256 SHA256:PMSJX0hhLQEpN4Qk2w60YviRTvAWRvDNP9sQyeKtAOU root@ubuntu-xenial (ECDSA)
<14>Nov  5 22:49:46 ec2: 256 SHA256:o7O+wqrWKA8ST0J5bjvQ4A8cERnKpByy6Us8JY/WklE root@ubuntu-xenial (ED25519)
<14>Nov  5 22:49:46 ec2: 2048 SHA256:QVMSw8Kw0zx8R8J1cK79RIR1bacWzJNT+IeExnM/X3A root@ubuntu-xenial (RSA)
<14>Nov  5 22:49:46 ec2: -----END SSH HOST KEY FINGERPRINTS-----
<14>Nov  5 22:49:46 ec2: #############################################################
-----BEGIN SSH HOST KEY KEYS-----
ecdsa-sha2-nistp256 AAAAE2VjZHNhLXNoYTItbmlzdHAyNTYAAAAIbmlzdHAyNTYAAABBBBEM+Ql71y6jzmUTCJBdSAzSFxDKmHZCouLu6ZaVHQl5FQLPHZNlfobQCOk3LpIoRzjQYf7nRA/fD63cPNXAux8= root@ubuntu-xenial
ssh-ed25519 AAAAC3NzaC1lZDI1NTE5AAAAIB+Ce+xHHUGUNNzPZCb+lImKjL1Mu5GDcSf8w+NDLSGn root@ubuntu-xenial
ssh-rsa AAAAB3NzaC1yc2EAAAADAQABAAABAQC8Np/ycif6xFJubk7Xulypm1JQXN3FQ1SuLdsG3sfPoywsAUkGY0stPzhnbpbRcQ9DCaJau7sOkEBx0w9kBrLwX04sbqZvVedEZBRt6P6Pi5LwukTQUUYI5C+/oaAxM2XzYH5SZfdGcuaW/PA8w7X0V/wRx/YyFO5Pa1ZJCRbl+DCAhxC+ELVN0xjm6FMQQjwCU/jtJCbFTfVhd8WcueDPuanVNLB/ECbqYsrY8w3jjCZ/iWZMm7+7GOeWi0Z+XpKd1PbfLrb3YBLjP7OAWZ1W+DnOQxWMny57k5OGoHOtk90Yg5yimdSYp1Nalv7VQmhSyADWl7WNrrHfxyOYldZB root@ubuntu-xenial
-----END SSH HOST KEY KEYS-----
[   58.331512] cloud-init[1505]: Cloud-init v. 20.3-2-g371b392c-0ubuntu1~16.04.1 running 'modules:final' at Thu, 05 Nov 2020 22:49:46 +0000. Up 57.68 seconds.
[   58.387835] cloud-init[1505]: ci-info: no authorized SSH keys fingerprints found for user ubuntu.
[[0;32m  OK  [0m] Started Execute cloud user/final scripts.
[   58.422895] cloud-init[1505]: [[0;32m  OK  [0m] Reached target Cloud-init target.
Cloud-init v. 20.3-2-g371b392c-0ubuntu1~16.04.1 finished at Thu, 05 Nov 2020 22:49:47 +0000. Datasource DataSourceNoCloud [seed=/dev/sdb][dsmode=net].  Up 58.32 seconds

Ubuntu 16.04.7 LTS ubuntu-xenial ttyS0

ubuntu-xenial login: 